[debug] [2018-05-26T11:31:29.354Z] ----------------------------------------------------------------------
[debug] [2018-05-26T11:31:29.356Z] Command:       /usr/bin/node /usr/bin/firebase serve
[debug] [2018-05-26T11:31:29.357Z] CLI Version:   3.18.4
[debug] [2018-05-26T11:31:29.357Z] Platform:      linux
[debug] [2018-05-26T11:31:29.357Z] Node Version:  v7.10.1
[debug] [2018-05-26T11:31:29.357Z] Time:          Sat May 26 2018 13:31:29 GMT+0200 (CEST)
[debug] [2018-05-26T11:31:29.357Z] ----------------------------------------------------------------------
[debug] 
[debug] [2018-05-26T11:31:29.365Z] > command requires scopes: ["email","openid","https://www.googleapis.com/auth/cloudplatformprojects.readonly","https://www.googleapis.com/auth/firebase","https://www.googleapis.com/auth/cloud-platform"]
[debug] [2018-05-26T11:31:29.365Z] > authorizing via signed-in user
[debug] [2018-05-26T11:31:29.367Z] >>> HTTP REQUEST GET https://admin.firebase.com/v1/projects/amazing-spa-seo  
  
 Sat May 26 2018 13:31:29 GMT+0200 (CEST)
[debug] [2018-05-26T11:31:30.144Z] <<< HTTP RESPONSE 200
[debug] [2018-05-26T11:31:30.145Z] >>> HTTP REQUEST GET https://admin.firebase.com/v1/database/amazing-spa-seo/tokens  
  
 Sat May 26 2018 13:31:30 GMT+0200 (CEST)
[debug] [2018-05-26T11:31:30.807Z] <<< HTTP RESPONSE 200
[debug] [2018-05-26T11:31:30.808Z] >>> HTTP REQUEST GET https://cloudresourcemanager.googleapis.com/v1/projects/amazing-spa-seo  
  
 Sat May 26 2018 13:31:30 GMT+0200 (CEST)
[debug] [2018-05-26T11:31:31.623Z] <<< HTTP RESPONSE 200
[info] 
[info] === Serving from '/home/scosmaa/Projects/amazing-spa-seo'...
[info] 
[debug] [2018-05-26T11:31:32.300Z] Error: EACCES: permission denied, mkdir '/usr/lib/node_modules/firebase-tools/node_modules/@google-cloud/functions-emulator/logs'
    at Object.fs.mkdirSync (fs.js:895:18)
    at Object.assertLogsPath (/usr/lib/node_modules/firebase-tools/node_modules/@google-cloud/functions-emulator/src/emulator/logs.js:65:10)
    at new Controller (/usr/lib/node_modules/firebase-tools/node_modules/@google-cloud/functions-emulator/src/cli/controller.js:77:32)
    at FunctionsEmulator.start (/usr/lib/node_modules/firebase-tools/lib/functionsEmulator.js:111:21)
    at Object.start (/usr/lib/node_modules/firebase-tools/lib/serve/functions.js:9:29)
    at /usr/lib/node_modules/firebase-tools/lib/serve/index.js:17:21
    at arrayMap (/usr/lib/node_modules/firebase-tools/node_modules/lodash/lodash.js:639:23)
    at Function.map (/usr/lib/node_modules/firebase-tools/node_modules/lodash/lodash.js:9554:14)
    at _serve (/usr/lib/node_modules/firebase-tools/lib/serve/index.js:15:7)
    at Command._action (/usr/lib/node_modules/firebase-tools/commands/serve.js:48:12)
[error] 
[error] Error: An unexpected error has occurred.
